10.000 Sys [Diag]: Current time: Mon Jun 08 20:00:00 2026 [UTC: Tue Jun 09 00:00:00 2026]
15.000 Sys [Info]: ===[ Game successfully connected to: /Lotus/Levels/Proc/Corpus/CorpusShipDisruption/AAAA.lp ]===
17.000 Script [Info]: ThemedSquadOverlay.lua: Mission name: APOLLO (Lua)
20.000 Sys [Info]: GameRulesImpl - changing state from SS_WAITING_FOR_PLAYERS to SS_STARTED
22.000 Script [Info]: SentientArtifactMission.lua: ModeState = 1
30.000 Script [Info]: SentientArtifactMission.lua: ModeState = 2
38.000 Script [Info]: SentientArtifactMission.lua: ModeState = 3
47.000 Script [Info]: SentientArtifactMission.lua: Disruption: Completed defense for artifact 0
56.000 Script [Info]: SentientArtifactMission.lua: Disruption: Completed defense for artifact 1
65.000 Script [Info]: SentientArtifactMission.lua: Disruption: Completed defense for artifact 2
74.000 Script [Info]: SentientArtifactMission.lua: Disruption: Completed defense for artifact 3
78.000 Script [Info]: SentientArtifactMission.lua: ModeState = 4
84.000 Script [Info]: SentientArtifactMission.lua: ModeState = 6
92.000 Script [Info]: SentientArtifactMission.lua: ModeState = 3
101.000 Script [Info]: SentientArtifactMission.lua: Disruption: Completed defense for artifact 0
110.000 Script [Info]: SentientArtifactMission.lua: Disruption: Completed defense for artifact 1
119.000 Script [Info]: SentientArtifactMission.lua: Disruption: Completed defense for artifact 2
128.000 Script [Info]: SentientArtifactMission.lua: Disruption: Completed defense for artifact 3
132.000 Script [Info]: SentientArtifactMission.lua: ModeState = 4
138.000 Script [Info]: SentientArtifactMission.lua: ModeState = 6
146.000 Script [Info]: SentientArtifactMission.lua: ModeState = 3
155.000 Script [Info]: SentientArtifactMission.lua: Disruption: Completed defense for artifact 0
164.000 Script [Info]: SentientArtifactMission.lua: Disruption: Completed defense for artifact 1
173.000 Script [Info]: SentientArtifactMission.lua: Disruption: Completed defense for artifact 2
182.000 Script [Info]: SentientArtifactMission.lua: Disruption: Completed defense for artifact 3
186.000 Script [Info]: SentientArtifactMission.lua: ModeState = 4
192.000 Script [Info]: SentientArtifactMission.lua: ModeState = 6
200.000 Script [Info]: SentientArtifactMission.lua: ModeState = 3
209.000 Script [Info]: SentientArtifactMission.lua: Disruption: Completed defense for artifact 0
218.000 Script [Info]: SentientArtifactMission.lua: Disruption: Completed defense for artifact 1
227.000 Script [Info]: SentientArtifactMission.lua: Disruption: Completed defense for artifact 2
236.000 Script [Info]: SentientArtifactMission.lua: Disruption: Completed defense for artifact 3
240.000 Script [Info]: SentientArtifactMission.lua: ModeState = 4
246.000 Script [Info]: SentientArtifactMission.lua: ModeState = 6
254.000 Script [Info]: SentientArtifactMission.lua: ModeState = 3
263.000 Script [Info]: SentientArtifactMission.lua: Disruption: Completed defense for artifact 0
272.000 Script [Info]: SentientArtifactMission.lua: Disruption: Completed defense for artifact 1
281.000 Script [Info]: SentientArtifactMission.lua: Disruption: Completed defense for artifact 2
290.000 Script [Info]: SentientArtifactMission.lua: Disruption: Completed defense for artifact 3
294.000 Script [Info]: SentientArtifactMission.lua: ModeState = 4
300.000 Script [Info]: SentientArtifactMission.lua: ModeState = 6
308.000 Script [Info]: SentientArtifactMission.lua: ModeState = 3
317.000 Script [Info]: SentientArtifactMission.lua: Disruption: Completed defense for artifact 0
326.000 Script [Info]: SentientArtifactMission.lua: Disruption: Completed defense for artifact 1
335.000 Script [Info]: SentientArtifactMission.lua: Disruption: Completed defense for artifact 2
344.000 Script [Info]: SentientArtifactMission.lua: Disruption: Completed defense for artifact 3
348.000 Script [Info]: SentientArtifactMission.lua: ModeState = 4
354.000 Script [Info]: SentientArtifactMission.lua: ModeState = 6
362.000 Script [Info]: SentientArtifactMission.lua: ModeState = 3
371.000 Script [Info]: SentientArtifactMission.lua: Disruption: Completed defense for artifact 0
380.000 Script [Info]: SentientArtifactMission.lua: Disruption: Completed defense for artifact 1
389.000 Script [Info]: SentientArtifactMission.lua: Disruption: Completed defense for artifact 2
398.000 Script [Info]: SentientArtifactMission.lua: Disruption: Failed defense for artifact 3
402.000 Script [Info]: SentientArtifactMission.lua: ModeState = 4
408.000 Script [Info]: SentientArtifactMission.lua: ModeState = 6
416.000 Script [Info]: SentientArtifactMission.lua: ModeState = 3
425.000 Script [Info]: SentientArtifactMission.lua: Disruption: Completed defense for artifact 0
434.000 Script [Info]: SentientArtifactMission.lua: Disruption: Completed defense for artifact 1
443.000 Script [Info]: SentientArtifactMission.lua: Disruption: Completed defense for artifact 2
452.000 Script [Info]: SentientArtifactMission.lua: Disruption: Completed defense for artifact 3
456.000 Script [Info]: SentientArtifactMission.lua: ModeState = 4
462.000 Script [Info]: SentientArtifactMission.lua: ModeState = 6
470.000 Script [Info]: SentientArtifactMission.lua: ModeState = 3
479.000 Script [Info]: SentientArtifactMission.lua: Disruption: Completed defense for artifact 0
488.000 Script [Info]: SentientArtifactMission.lua: Disruption: Completed defense for artifact 1
497.000 Script [Info]: SentientArtifactMission.lua: Disruption: Completed defense for artifact 2
506.000 Script [Info]: SentientArtifactMission.lua: Disruption: Completed defense for artifact 3
510.000 Script [Info]: SentientArtifactMission.lua: ModeState = 4
516.000 Script [Info]: SentientArtifactMission.lua: ModeState = 6
524.000 Script [Info]: SentientArtifactMission.lua: ModeState = 3
533.000 Script [Info]: SentientArtifactMission.lua: Disruption: Completed defense for artifact 0
542.000 Script [Info]: SentientArtifactMission.lua: Disruption: Completed defense for artifact 1
551.000 Script [Info]: SentientArtifactMission.lua: Disruption: Completed defense for artifact 2
560.000 Script [Info]: SentientArtifactMission.lua: Disruption: Completed defense for artifact 3
564.000 Script [Info]: SentientArtifactMission.lua: ModeState = 4
570.000 Script [Info]: SentientArtifactMission.lua: ModeState = 6
578.000 Script [Info]: SentientArtifactMission.lua: ModeState = 3
587.000 Script [Info]: SentientArtifactMission.lua: Disruption: Completed defense for artifact 0
596.000 Script [Info]: SentientArtifactMission.lua: Disruption: Completed defense for artifact 1
605.000 Script [Info]: SentientArtifactMission.lua: Disruption: Completed defense for artifact 2
614.000 Script [Info]: SentientArtifactMission.lua: Disruption: Completed defense for artifact 3
618.000 Script [Info]: SentientArtifactMission.lua: ModeState = 4
624.000 Script [Info]: SentientArtifactMission.lua: ModeState = 6
632.000 Script [Info]: SentientArtifactMission.lua: ModeState = 3
641.000 Script [Info]: SentientArtifactMission.lua: Disruption: Completed defense for artifact 0
650.000 Script [Info]: SentientArtifactMission.lua: Disruption: Completed defense for artifact 1
659.000 Script [Info]: SentientArtifactMission.lua: Disruption: Completed defense for artifact 2
668.000 Script [Info]: SentientArtifactMission.lua: Disruption: Completed defense for artifact 3
672.000 Script [Info]: SentientArtifactMission.lua: ModeState = 4
678.000 Script [Info]: SentientArtifactMission.lua: ModeState = 6
686.000 Script [Info]: SentientArtifactMission.lua: ModeState = 3
695.000 Script [Info]: SentientArtifactMission.lua: Disruption: Completed defense for artifact 0
704.000 Script [Info]: SentientArtifactMission.lua: Disruption: Completed defense for artifact 1
713.000 Script [Info]: SentientArtifactMission.lua: Disruption: Completed defense for artifact 2
722.000 Script [Info]: SentientArtifactMission.lua: Disruption: Completed defense for artifact 3
726.000 Script [Info]: SentientArtifactMission.lua: ModeState = 4
732.000 Script [Info]: SentientArtifactMission.lua: ModeState = 6
740.000 Script [Info]: SentientArtifactMission.lua: ModeState = 3
749.000 Script [Info]: SentientArtifactMission.lua: Disruption: Completed defense for artifact 0
758.000 Script [Info]: SentientArtifactMission.lua: Disruption: Completed defense for artifact 1
767.000 Script [Info]: SentientArtifactMission.lua: Disruption: Completed defense for artifact 2
776.000 Script [Info]: SentientArtifactMission.lua: Disruption: Completed defense for artifact 3
780.000 Script [Info]: SentientArtifactMission.lua: ModeState = 4
786.000 Script [Info]: SentientArtifactMission.lua: ModeState = 6
794.000 Script [Info]: SentientArtifactMission.lua: ModeState = 3
803.000 Script [Info]: SentientArtifactMission.lua: Disruption: Completed defense for artifact 0
812.000 Script [Info]: SentientArtifactMission.lua: Disruption: Completed defense for artifact 1
821.000 Script [Info]: SentientArtifactMission.lua: Disruption: Completed defense for artifact 2
830.000 Script [Info]: SentientArtifactMission.lua: Disruption: Completed defense for artifact 3
834.000 Script [Info]: SentientArtifactMission.lua: ModeState = 4
840.000 Script [Info]: SentientArtifactMission.lua: ModeState = 6
848.000 Script [Info]: SentientArtifactMission.lua: ModeState = 3
857.000 Script [Info]: SentientArtifactMission.lua: Disruption: Completed defense for artifact 0
866.000 Script [Info]: SentientArtifactMission.lua: Disruption: Completed defense for artifact 1
875.000 Script [Info]: SentientArtifactMission.lua: Disruption: Completed defense for artifact 2
884.000 Script [Info]: SentientArtifactMission.lua: Disruption: Completed defense for artifact 3
888.000 Script [Info]: SentientArtifactMission.lua: ModeState = 4
894.000 Script [Info]: SentientArtifactMission.lua: ModeState = 6
902.000 Script [Info]: SentientArtifactMission.lua: ModeState = 3
911.000 Script [Info]: SentientArtifactMission.lua: Disruption: Completed defense for artifact 0
920.000 Script [Info]: SentientArtifactMission.lua: Disruption: Completed defense for artifact 1
929.000 Script [Info]: SentientArtifactMission.lua: Disruption: Completed defense for artifact 2
938.000 Script [Info]: SentientArtifactMission.lua: Disruption: Completed defense for artifact 3
942.000 Script [Info]: SentientArtifactMission.lua: ModeState = 4
948.000 Script [Info]: SentientArtifactMission.lua: ModeState = 6
956.000 Script [Info]: SentientArtifactMission.lua: ModeState = 3
965.000 Script [Info]: SentientArtifactMission.lua: Disruption: Completed defense for artifact 0
974.000 Script [Info]: SentientArtifactMission.lua: Disruption: Completed defense for artifact 1
983.000 Script [Info]: SentientArtifactMission.lua: Disruption: Completed defense for artifact 2
992.000 Script [Info]: SentientArtifactMission.lua: Disruption: Completed defense for artifact 3
996.000 Script [Info]: SentientArtifactMission.lua: ModeState = 4
1002.000 Script [Info]: SentientArtifactMission.lua: ModeState = 6
1010.000 Script [Info]: SentientArtifactMission.lua: ModeState = 3
1019.000 Script [Info]: SentientArtifactMission.lua: Disruption: Completed defense for artifact 0
1028.000 Script [Info]: SentientArtifactMission.lua: Disruption: Completed defense for artifact 1
1037.000 Script [Info]: SentientArtifactMission.lua: Disruption: Completed defense for artifact 2
1046.000 Script [Info]: SentientArtifactMission.lua: Disruption: Completed defense for artifact 3
1050.000 Script [Info]: SentientArtifactMission.lua: ModeState = 4
1056.000 Script [Info]: SentientArtifactMission.lua: ModeState = 6
1064.000 Script [Info]: SentientArtifactMission.lua: ModeState = 3
1073.000 Script [Info]: SentientArtifactMission.lua: Disruption: Completed defense for artifact 0
1082.000 Script [Info]: SentientArtifactMission.lua: Disruption: Completed defense for artifact 1
1091.000 Script [Info]: SentientArtifactMission.lua: Disruption: Completed defense for artifact 2
1100.000 Script [Info]: SentientArtifactMission.lua: Disruption: Completed defense for artifact 3
1104.000 Script [Info]: SentientArtifactMission.lua: ModeState = 4
1110.000 Script [Info]: SentientArtifactMission.lua: ModeState = 6
1118.000 Script [Info]: SentientArtifactMission.lua: ModeState = 3
1127.000 Script [Info]: SentientArtifactMission.lua: Disruption: Completed defense for artifact 0
1136.000 Script [Info]: SentientArtifactMission.lua: Disruption: Completed defense for artifact 1
1145.000 Script [Info]: SentientArtifactMission.lua: Disruption: Completed defense for artifact 2
1154.000 Script [Info]: SentientArtifactMission.lua: Disruption: Completed defense for artifact 3
1158.000 Script [Info]: SentientArtifactMission.lua: ModeState = 4
1164.000 Script [Info]: SentientArtifactMission.lua: ModeState = 6
1172.000 Script [Info]: SentientArtifactMission.lua: ModeState = 3
1181.000 Script [Info]: SentientArtifactMission.lua: Disruption: Completed defense for artifact 0
1190.000 Script [Info]: SentientArtifactMission.lua: Disruption: Completed defense for artifact 1
1199.000 Script [Info]: SentientArtifactMission.lua: Disruption: Completed defense for artifact 2
1208.000 Script [Info]: SentientArtifactMission.lua: Disruption: Completed defense for artifact 3
1212.000 Script [Info]: SentientArtifactMission.lua: ModeState = 4
1218.000 Script [Info]: SentientArtifactMission.lua: ModeState = 6
1226.000 Script [Info]: SentientArtifactMission.lua: ModeState = 3
1235.000 Script [Info]: SentientArtifactMission.lua: Disruption: Completed defense for artifact 0
1244.000 Script [Info]: SentientArtifactMission.lua: Disruption: Completed defense for artifact 1
1253.000 Script [Info]: SentientArtifactMission.lua: Disruption: Completed defense for artifact 2
1262.000 Script [Info]: SentientArtifactMission.lua: Disruption: Completed defense for artifact 3
1266.000 Script [Info]: SentientArtifactMission.lua: ModeState = 4
1272.000 Script [Info]: SentientArtifactMission.lua: ModeState = 6
1280.000 Script [Info]: SentientArtifactMission.lua: ModeState = 3
1289.000 Script [Info]: SentientArtifactMission.lua: Disruption: Completed defense for artifact 0
1298.000 Script [Info]: SentientArtifactMission.lua: Disruption: Completed defense for artifact 1
1307.000 Script [Info]: SentientArtifactMission.lua: Disruption: Completed defense for artifact 2
1316.000 Script [Info]: SentientArtifactMission.lua: Disruption: Completed defense for artifact 3
1320.000 Script [Info]: SentientArtifactMission.lua: ModeState = 4
1326.000 Script [Info]: SentientArtifactMission.lua: ModeState = 6
1334.000 Script [Info]: SentientArtifactMission.lua: ModeState = 3
1343.000 Script [Info]: SentientArtifactMission.lua: Disruption: Completed defense for artifact 0
1352.000 Script [Info]: SentientArtifactMission.lua: Disruption: Completed defense for artifact 1
1361.000 Script [Info]: SentientArtifactMission.lua: Disruption: Completed defense for artifact 2
1370.000 Script [Info]: SentientArtifactMission.lua: Disruption: Completed defense for artifact 3
1374.000 Script [Info]: SentientArtifactMission.lua: ModeState = 4
1380.000 Script [Info]: SentientArtifactMission.lua: ModeState = 6
1388.000 Script [Info]: SentientArtifactMission.lua: ModeState = 3
1397.000 Script [Info]: SentientArtifactMission.lua: Disruption: Completed defense for artifact 0
1406.000 Script [Info]: SentientArtifactMission.lua: Disruption: Completed defense for artifact 1
1415.000 Script [Info]: SentientArtifactMission.lua: Disruption: Completed defense for artifact 2
1424.000 Script [Info]: SentientArtifactMission.lua: Disruption: Completed defense for artifact 3
1428.000 Script [Info]: SentientArtifactMission.lua: ModeState = 4
1434.000 Script [Info]: SentientArtifactMission.lua: ModeState = 6
1442.000 Script [Info]: SentientArtifactMission.lua: ModeState = 3
1451.000 Script [Info]: SentientArtifactMission.lua: Disruption: Completed defense for artifact 0
1460.000 Script [Info]: SentientArtifactMission.lua: Disruption: Completed defense for artifact 1
1469.000 Script [Info]: SentientArtifactMission.lua: Disruption: Completed defense for artifact 2
1478.000 Script [Info]: SentientArtifactMission.lua: Disruption: Completed defense for artifact 3
1482.000 Script [Info]: SentientArtifactMission.lua: ModeState = 4
1488.000 Script [Info]: SentientArtifactMission.lua: ModeState = 6
1496.000 Script [Info]: SentientArtifactMission.lua: ModeState = 3
1505.000 Script [Info]: SentientArtifactMission.lua: Disruption: Completed defense for artifact 0
1514.000 Script [Info]: SentientArtifactMission.lua: Disruption: Completed defense for artifact 1
1523.000 Script [Info]: SentientArtifactMission.lua: Disruption: Completed defense for artifact 2
1532.000 Script [Info]: SentientArtifactMission.lua: Disruption: Completed defense for artifact 3
1536.000 Script [Info]: SentientArtifactMission.lua: ModeState = 4
1542.000 Script [Info]: SentientArtifactMission.lua: ModeState = 6
1550.000 Script [Info]: SentientArtifactMission.lua: ModeState = 3
1559.000 Script [Info]: SentientArtifactMission.lua: Disruption: Completed defense for artifact 0
1568.000 Script [Info]: SentientArtifactMission.lua: Disruption: Completed defense for artifact 1
1577.000 Script [Info]: SentientArtifactMission.lua: Disruption: Completed defense for artifact 2
1586.000 Script [Info]: SentientArtifactMission.lua: Disruption: Completed defense for artifact 3
1590.000 Script [Info]: SentientArtifactMission.lua: ModeState = 4
1596.000 Script [Info]: SentientArtifactMission.lua: ModeState = 6
1604.000 Script [Info]: SentientArtifactMission.lua: ModeState = 3
1613.000 Script [Info]: SentientArtifactMission.lua: Disruption: Completed defense for artifact 0
1622.000 Script [Info]: SentientArtifactMission.lua: Disruption: Completed defense for artifact 1
1631.000 Script [Info]: SentientArtifactMission.lua: Disruption: Completed defense for artifact 2
1640.000 Script [Info]: SentientArtifactMission.lua: Disruption: Completed defense for artifact 3
1644.000 Script [Info]: SentientArtifactMission.lua: ModeState = 4
1650.000 Script [Info]: SentientArtifactMission.lua: ModeState = 6
1658.000 Script [Info]: SentientArtifactMission.lua: ModeState = 3
1667.000 Script [Info]: SentientArtifactMission.lua: Disruption: Completed defense for artifact 0
1676.000 Script [Info]: SentientArtifactMission.lua: Disruption: Completed defense for artifact 1
1685.000 Script [Info]: SentientArtifactMission.lua: Disruption: Completed defense for artifact 2
1694.000 Script [Info]: SentientArtifactMission.lua: Disruption: Completed defense for artifact 3
1698.000 Script [Info]: SentientArtifactMission.lua: ModeState = 4
1704.000 Script [Info]: SentientArtifactMission.lua: ModeState = 6
1712.000 Script [Info]: SentientArtifactMission.lua: ModeState = 3
1721.000 Script [Info]: SentientArtifactMission.lua: Disruption: Completed defense for artifact 0
1730.000 Script [Info]: SentientArtifactMission.lua: Disruption: Completed defense for artifact 1
1739.000 Script [Info]: SentientArtifactMission.lua: Disruption: Completed defense for artifact 2
1748.000 Script [Info]: SentientArtifactMission.lua: Disruption: Completed defense for artifact 3
1752.000 Script [Info]: SentientArtifactMission.lua: ModeState = 4
1758.000 Script [Info]: SentientArtifactMission.lua: ModeState = 6
1766.000 Script [Info]: SentientArtifactMission.lua: ModeState = 3
1775.000 Script [Info]: SentientArtifactMission.lua: Disruption: Completed defense for artifact 0
1784.000 Script [Info]: SentientArtifactMission.lua: Disruption: Completed defense for artifact 1
1793.000 Script [Info]: SentientArtifactMission.lua: Disruption: Completed defense for artifact 2
1802.000 Script [Info]: SentientArtifactMission.lua: Disruption: Completed defense for artifact 3
1806.000 Script [Info]: SentientArtifactMission.lua: ModeState = 4
1812.000 Script [Info]: SentientArtifactMission.lua: ModeState = 6
1820.000 Script [Info]: SentientArtifactMission.lua: ModeState = 3
1829.000 Script [Info]: SentientArtifactMission.lua: Disruption: Completed defense for artifact 0
1838.000 Script [Info]: SentientArtifactMission.lua: Disruption: Completed defense for artifact 1
1847.000 Script [Info]: SentientArtifactMission.lua: Disruption: Completed defense for artifact 2
1856.000 Script [Info]: SentientArtifactMission.lua: Disruption: Completed defense for artifact 3
1860.000 Script [Info]: SentientArtifactMission.lua: ModeState = 4
1866.000 Script [Info]: SentientArtifactMission.lua: ModeState = 6
1874.000 Script [Info]: SentientArtifactMission.lua: ModeState = 3
1883.000 Script [Info]: SentientArtifactMission.lua: Disruption: Completed defense for artifact 0
1892.000 Script [Info]: SentientArtifactMission.lua: Disruption: Completed defense for artifact 1
1901.000 Script [Info]: SentientArtifactMission.lua: Disruption: Completed defense for artifact 2
1910.000 Script [Info]: SentientArtifactMission.lua: Disruption: Completed defense for artifact 3
1914.000 Script [Info]: SentientArtifactMission.lua: ModeState = 4
1920.000 Script [Info]: SentientArtifactMission.lua: ModeState = 6
1928.000 Script [Info]: SentientArtifactMission.lua: ModeState = 3
1937.000 Script [Info]: SentientArtifactMission.lua: Disruption: Completed defense for artifact 0
1946.000 Script [Info]: SentientArtifactMission.lua: Disruption: Completed defense for artifact 1
1955.000 Script [Info]: SentientArtifactMission.lua: Disruption: Completed defense for artifact 2
1964.000 Script [Info]: SentientArtifactMission.lua: Disruption: Completed defense for artifact 3
1968.000 Script [Info]: SentientArtifactMission.lua: ModeState = 4
1974.000 Script [Info]: SentientArtifactMission.lua: ModeState = 6
1982.000 Script [Info]: SentientArtifactMission.lua: ModeState = 3
1991.000 Script [Info]: SentientArtifactMission.lua: Disruption: Completed defense for artifact 0
2000.000 Script [Info]: SentientArtifactMission.lua: Disruption: Completed defense for artifact 1
2009.000 Script [Info]: SentientArtifactMission.lua: Disruption: Completed defense for artifact 2
2018.000 Script [Info]: SentientArtifactMission.lua: Disruption: Completed defense for artifact 3
2022.000 Script [Info]: SentientArtifactMission.lua: ModeState = 4
2028.000 Script [Info]: SentientArtifactMission.lua: ModeState = 6
2036.000 Script [Info]: SentientArtifactMission.lua: ModeState = 3
2045.000 Script [Info]: SentientArtifactMission.lua: Disruption: Completed defense for artifact 0
2054.000 Script [Info]: SentientArtifactMission.lua: Disruption: Completed defense for artifact 1
2063.000 Script [Info]: SentientArtifactMission.lua: Disruption: Completed defense for artifact 2
2072.000 Script [Info]: SentientArtifactMission.lua: Disruption: Completed defense for artifact 3
2076.000 Script [Info]: SentientArtifactMission.lua: ModeState = 4
2082.000 Script [Info]: SentientArtifactMission.lua: ModeState = 6
2090.000 Script [Info]: SentientArtifactMission.lua: ModeState = 3
2099.000 Script [Info]: SentientArtifactMission.lua: Disruption: Completed defense for artifact 0
2108.000 Script [Info]: SentientArtifactMission.lua: Disruption: Completed defense for artifact 1
2117.000 Script [Info]: SentientArtifactMission.lua: Disruption: Completed defense for artifact 2
2126.000 Script [Info]: SentientArtifactMission.lua: Disruption: Completed defense for artifact 3
2130.000 Script [Info]: SentientArtifactMission.lua: ModeState = 4
2136.000 Script [Info]: SentientArtifactMission.lua: ModeState = 6
2144.000 Script [Info]: SentientArtifactMission.lua: ModeState = 3
2153.000 Script [Info]: SentientArtifactMission.lua: Disruption: Completed defense for artifact 0
2162.000 Script [Info]: SentientArtifactMission.lua: Disruption: Completed defense for artifact 1
2171.000 Script [Info]: SentientArtifactMission.lua: Disruption: Completed defense for artifact 2
2180.000 Script [Info]: SentientArtifactMission.lua: Disruption: Completed defense for artifact 3
2184.000 Script [Info]: SentientArtifactMission.lua: ModeState = 4
2190.000 Script [Info]: SentientArtifactMission.lua: ModeState = 6
2198.000 Script [Info]: SentientArtifactMission.lua: ModeState = 3
2207.000 Script [Info]: SentientArtifactMission.lua: Disruption: Completed defense for artifact 0
2216.000 Script [Info]: SentientArtifactMission.lua: Disruption: Completed defense for artifact 1
2225.000 Script [Info]: SentientArtifactMission.lua: Disruption: Completed defense for artifact 2
2234.000 Script [Info]: SentientArtifactMission.lua: Disruption: Completed defense for artifact 3
2238.000 Script [Info]: SentientArtifactMission.lua: ModeState = 4
2244.000 Script [Info]: SentientArtifactMission.lua: ModeState = 6
2252.000 Script [Info]: SentientArtifactMission.lua: ModeState = 3
2261.000 Script [Info]: SentientArtifactMission.lua: Disruption: Completed defense for artifact 0
2270.000 Script [Info]: SentientArtifactMission.lua: Disruption: Completed defense for artifact 1
2279.000 Script [Info]: SentientArtifactMission.lua: Disruption: Completed defense for artifact 2
2288.000 Script [Info]: SentientArtifactMission.lua: Disruption: Completed defense for artifact 3
2292.000 Script [Info]: SentientArtifactMission.lua: ModeState = 4
2298.000 Script [Info]: SentientArtifactMission.lua: ModeState = 6
2306.000 Script [Info]: SentientArtifactMission.lua: ModeState = 3
2315.000 Script [Info]: SentientArtifactMission.lua: Disruption: Completed defense for artifact 0
2324.000 Script [Info]: SentientArtifactMission.lua: Disruption: Completed defense for artifact 1
2333.000 Script [Info]: SentientArtifactMission.lua: Disruption: Completed defense for artifact 2
2342.000 Script [Info]: SentientArtifactMission.lua: Disruption: Completed defense for artifact 3
2346.000 Script [Info]: SentientArtifactMission.lua: ModeState = 4
2352.000 Script [Info]: SentientArtifactMission.lua: ModeState = 6
2360.000 Script [Info]: SentientArtifactMission.lua: ModeState = 3
2369.000 Script [Info]: SentientArtifactMission.lua: Disruption: Completed defense for artifact 0
2378.000 Script [Info]: SentientArtifactMission.lua: Disruption: Completed defense for artifact 1
2387.000 Script [Info]: SentientArtifactMission.lua: Disruption: Completed defense for artifact 2
2396.000 Script [Info]: SentientArtifactMission.lua: Disruption: Completed defense for artifact 3
2400.000 Script [Info]: SentientArtifactMission.lua: ModeState = 4
2406.000 Script [Info]: SentientArtifactMission.lua: ModeState = 6
2414.000 Script [Info]: SentientArtifactMission.lua: ModeState = 3
2423.000 Script [Info]: SentientArtifactMission.lua: Disruption: Completed defense for artifact 0
2432.000 Script [Info]: SentientArtifactMission.lua: Disruption: Completed defense for artifact 1
2441.000 Script [Info]: SentientArtifactMission.lua: Disruption: Completed defense for artifact 2
2450.000 Script [Info]: SentientArtifactMission.lua: Disruption: Completed defense for artifact 3
2454.000 Script [Info]: SentientArtifactMission.lua: ModeState = 4
2460.000 Script [Info]: SentientArtifactMission.lua: ModeState = 6
2463.000 Script [Info]: SentientArtifactMission.lua: Disruption: Total score is 179
2483.000 Script [Info]: ExtractionTimer.lua: EOM: All players extracting
2543.000 Sys [Info]: ===[ Game successfully connected to: /Lotus/Levels/Proc/Venus/VenusLandscape/BBBB.lp ]===
2548.000 Script [Info]: jobId=/Lotus/Types/Gameplay/Venus/Jobs/Heists/HeistProfitTakerBountyFour
2556.000 Script [Info]: EidolonMP.lua: EIDOLONMP: Avatar left the zone: TennoAvatar1
2581.000 Script [Info]: CamperHeistOrbFight.lua: Orb Fight - Starting first attack Orb phase
2582.000 AI [Info]: Camper->SwitchShieldVulnerability() - Switching shield damage vulnerability type to DT_VIRAL
2588.000 AI [Info]: Camper->SwitchShieldVulnerability() - Switching shield damage vulnerability type to DT_MAGNETIC
2593.000 Sys [Info]: ResourceLoader /Lotus/Sounds/Dialog/FortunaOrbHeist/Business/DBntyFourInterPrTk0920TheBusiness loading
2595.500 AI [Info]: Camper: Leg freshly destroyed at part LEG_PART
2598.000 AI [Info]: Camper: Leg freshly destroyed at part LEG_PART
2600.500 AI [Info]: Camper: Leg freshly destroyed at part LEG_PART
2603.000 AI [Info]: Camper: Leg freshly destroyed at part LEG_PART
2604.000 AI [Info]: Camper->StartVulnerable() - The Camper can now be damaged!
2608.000 Script [Info]: CamperHeistOrbFight.lua: Landscape - New State: 3
2610.000 Script [Info]: CamperHeistOrbFight.lua: Pylon launch complete
2630.000 Script [Info]: CamperHeistOrbFight.lua: Orb Fight - Starting second attack Orb phase
2631.000 AI [Info]: Camper->SwitchShieldVulnerability() - Switching shield damage vulnerability type to DT_FIRE
2638.000 Sys [Info]: ResourceLoader /Lotus/Sounds/Dialog/FortunaOrbHeist/Business/DBntyFourInterPrTk0890TheBusiness loading
2640.200 AI [Info]: Camper: Leg freshly destroyed at part LEG_PART
2642.400 AI [Info]: Camper: Leg freshly destroyed at part LEG_PART
2644.600 AI [Info]: Camper: Leg freshly destroyed at part LEG_PART
2646.800 AI [Info]: Camper: Leg freshly destroyed at part LEG_PART
2647.800 AI [Info]: Camper->StartVulnerable() - The Camper can now be damaged!
2651.300 Script [Info]: CamperHeistOrbFight.lua: Landscape - New State: 3
2656.300 Script [Info]: CamperHeistOrbFight.lua: Orb Fight - Starting third attack Orb phase
2657.300 AI [Info]: Camper->SwitchShieldVulnerability() - Switching shield damage vulnerability type to DT_ELECTRICITY
2662.800 AI [Info]: Camper->SwitchShieldVulnerability() - Switching shield damage vulnerability type to DT_POISON
2668.800 Sys [Info]: ResourceLoader /Lotus/Sounds/Dialog/FortunaOrbHeist/Business/DBntyFourInterPrTk0890TheBusiness loading
2671.600 AI [Info]: Camper: Leg freshly destroyed at part LEG_PART
2674.400 AI [Info]: Camper: Leg freshly destroyed at part LEG_PART
2677.200 AI [Info]: Camper: Leg freshly destroyed at part LEG_PART
2680.000 AI [Info]: Camper: Leg freshly destroyed at part LEG_PART
2681.000 AI [Info]: Camper->StartVulnerable() - The Camper can now be damaged!
2685.200 Script [Info]: CamperHeistOrbFight.lua: Landscape - New State: 3
2687.200 Script [Info]: CamperHeistOrbFight.lua: Pylon launch complete
2709.200 Script [Info]: CamperHeistOrbFight.lua: Orb Fight - Starting final attack Orb phase
2710.200 AI [Info]: Camper->SwitchShieldVulnerability() - Switching shield damage vulnerability type to DT_RADIATION
2718.200 Sys [Info]: ResourceLoader /Lotus/Sounds/Dialog/FortunaOrbHeist/Business/DBntyFourSatelReal0930TheBusiness loading
2720.200 AI [Info]: Camper: Leg freshly destroyed at part LEG_PART
2722.200 AI [Info]: Camper: Leg freshly destroyed at part LEG_PART
2724.200 AI [Info]: Camper: Leg freshly destroyed at part LEG_PART
2726.200 AI [Info]: Camper: Leg freshly destroyed at part LEG_PART
2727.700 AI [Info]: Camper->StartVulnerable() - The Camper can now be damaged!
2729.700 AI [Info]: Camper->StartVulnerable() - The Camper can now be damaged!
2732.200 AI [Info]: Camper->StartVulnerable() - The Camper can now be damaged!
2742.200 Script [Info]: EidolonMP.lua: EIDOLONMP: TryTownTransition(nil)
2802.200 Sys [Info]: ===[ Game successfully connected to: /Lotus/Levels/Proc/Grineer/GrineerGalleonSurvival/CCCC.lp ]===
2804.200 Script [Info]: ThemedSquadOverlay.lua: Mission name: 赛德娜 (Hydron) - 仲裁
2805.200 Script [Info]: ThemedSquadOverlay.lua: Host loading {"name":"SolNode25_EliteAlert"} ...
2820.200 Sys [Info]: GameRulesImpl - changing state from SS_WAITING_FOR_PLAYERS to SS_STARTED
2838.200 AI [Info]: OnAgentCreated /Npc/Lancer10 Live 16 Spawned 50 Ignored Ticking 12 Paused 4 IgnoredTicking 7 MonitoredTicking 23 AllyLive 4
2856.200 AI [Info]: OnAgentCreated /Npc/Lancer11 Live 16 Spawned 51 Ignored Ticking 12 Paused 4 IgnoredTicking 7 MonitoredTicking 30 AllyLive 4
2858.200 AI [Info]: OnAgentCreated /Npc/CorpusEliteShieldDroneAgent11 Live 16 Spawned 52 MonitoredTicking 23
2876.200 AI [Info]: OnAgentCreated /Npc/Lancer12 Live 16 Spawned 52 Ignored Ticking 12 Paused 4 IgnoredTicking 7 MonitoredTicking 37 AllyLive 4
2894.200 AI [Info]: OnAgentCreated /Npc/Lancer13 Live 16 Spawned 53 Ignored Ticking 12 Paused 4 IgnoredTicking 7 MonitoredTicking 44 AllyLive 4
2912.200 AI [Info]: OnAgentCreated /Npc/Lancer14 Live 16 Spawned 54 Ignored Ticking 12 Paused 4 IgnoredTicking 7 MonitoredTicking 26 AllyLive 4
2914.200 AI [Info]: OnAgentCreated /Npc/CorpusEliteShieldDroneAgent14 Live 16 Spawned 55 MonitoredTicking 26
2932.200 AI [Info]: OnAgentCreated /Npc/Lancer15 Live 16 Spawned 55 Ignored Ticking 12 Paused 4 IgnoredTicking 7 MonitoredTicking 33 AllyLive 4
2950.200 AI [Info]: OnAgentCreated /Npc/Lancer16 Live 16 Spawned 56 Ignored Ticking 12 Paused 4 IgnoredTicking 7 MonitoredTicking 40 AllyLive 4
2968.200 AI [Info]: OnAgentCreated /Npc/Lancer17 Live 16 Spawned 57 Ignored Ticking 12 Paused 4 IgnoredTicking 7 MonitoredTicking 22 AllyLive 4
2970.200 AI [Info]: OnAgentCreated /Npc/CorpusEliteShieldDroneAgent17 Live 16 Spawned 58 MonitoredTicking 29
2988.200 AI [Info]: OnAgentCreated /Npc/Lancer18 Live 16 Spawned 58 Ignored Ticking 12 Paused 4 IgnoredTicking 7 MonitoredTicking 29 AllyLive 4
3006.200 AI [Info]: OnAgentCreated /Npc/Lancer19 Live 16 Spawned 59 Ignored Ticking 12 Paused 4 IgnoredTicking 7 MonitoredTicking 36 AllyLive 4
3106.200 Script [Info]: SurvivalMission.lua: Survival: Gave reward tier 1 at 300.0
3124.200 AI [Info]: OnAgentCreated /Npc/Lancer20 Live 16 Spawned 60 Ignored Ticking 12 Paused 4 IgnoredTicking 7 MonitoredTicking 26 AllyLive 4
3142.200 AI [Info]: OnAgentCreated /Npc/Lancer21 Live 16 Spawned 61 Ignored Ticking 12 Paused 4 IgnoredTicking 7 MonitoredTicking 33 AllyLive 4
3144.200 AI [Info]: OnAgentCreated /Npc/CorpusEliteShieldDroneAgent21 Live 16 Spawned 62 MonitoredTicking 23
3162.200 AI [Info]: OnAgentCreated /Npc/Lancer22 Live 16 Spawned 62 Ignored Ticking 12 Paused 4 IgnoredTicking 7 MonitoredTicking 40 AllyLive 4
3180.200 AI [Info]: OnAgentCreated /Npc/Lancer23 Live 16 Spawned 63 Ignored Ticking 12 Paused 4 IgnoredTicking 7 MonitoredTicking 22 AllyLive 4
3198.200 AI [Info]: OnAgentCreated /Npc/Lancer24 Live 16 Spawned 64 Ignored Ticking 12 Paused 4 IgnoredTicking 7 MonitoredTicking 29 AllyLive 4
3200.200 AI [Info]: OnAgentCreated /Npc/CorpusEliteShieldDroneAgent24 Live 16 Spawned 65 MonitoredTicking 26
3218.200 AI [Info]: OnAgentCreated /Npc/Lancer25 Live 16 Spawned 65 Ignored Ticking 12 Paused 4 IgnoredTicking 7 MonitoredTicking 36 AllyLive 4
3236.200 AI [Info]: OnAgentCreated /Npc/Lancer26 Live 16 Spawned 66 Ignored Ticking 12 Paused 4 IgnoredTicking 7 MonitoredTicking 43 AllyLive 4
3254.200 AI [Info]: OnAgentCreated /Npc/Lancer27 Live 16 Spawned 67 Ignored Ticking 12 Paused 4 IgnoredTicking 7 MonitoredTicking 25 AllyLive 4
3256.200 AI [Info]: OnAgentCreated /Npc/CorpusEliteShieldDroneAgent27 Live 16 Spawned 68 MonitoredTicking 29
3274.200 AI [Info]: OnAgentCreated /Npc/Lancer28 Live 16 Spawned 68 Ignored Ticking 12 Paused 4 IgnoredTicking 7 MonitoredTicking 32 AllyLive 4
3292.200 AI [Info]: OnAgentCreated /Npc/Lancer29 Live 16 Spawned 69 Ignored Ticking 12 Paused 4 IgnoredTicking 7 MonitoredTicking 39 AllyLive 4
3392.200 Script [Info]: SurvivalMission.lua: Survival: Gave reward tier 2 at 600.0
3410.200 AI [Info]: OnAgentCreated /Npc/Lancer30 Live 16 Spawned 70 Ignored Ticking 12 Paused 4 IgnoredTicking 7 MonitoredTicking 29 AllyLive 4
3428.200 AI [Info]: OnAgentCreated /Npc/Lancer31 Live 16 Spawned 71 Ignored Ticking 12 Paused 4 IgnoredTicking 7 MonitoredTicking 36 AllyLive 4
3430.200 AI [Info]: OnAgentCreated /Npc/CorpusEliteShieldDroneAgent31 Live 16 Spawned 72 MonitoredTicking 23
3448.200 AI [Info]: OnAgentCreated /Npc/Lancer32 Live 16 Spawned 72 Ignored Ticking 12 Paused 4 IgnoredTicking 7 MonitoredTicking 43 AllyLive 4
3466.200 AI [Info]: OnAgentCreated /Npc/Lancer33 Live 16 Spawned 73 Ignored Ticking 12 Paused 4 IgnoredTicking 7 MonitoredTicking 25 AllyLive 4
3484.200 AI [Info]: OnAgentCreated /Npc/Lancer34 Live 16 Spawned 74 Ignored Ticking 12 Paused 4 IgnoredTicking 7 MonitoredTicking 32 AllyLive 4
3486.200 AI [Info]: OnAgentCreated /Npc/CorpusEliteShieldDroneAgent34 Live 16 Spawned 75 MonitoredTicking 26
3504.200 AI [Info]: OnAgentCreated /Npc/Lancer35 Live 16 Spawned 75 Ignored Ticking 12 Paused 4 IgnoredTicking 7 MonitoredTicking 39 AllyLive 4
3522.200 AI [Info]: OnAgentCreated /Npc/Lancer36 Live 16 Spawned 76 Ignored Ticking 12 Paused 4 IgnoredTicking 7 MonitoredTicking 21 AllyLive 4
3540.200 AI [Info]: OnAgentCreated /Npc/Lancer37 Live 16 Spawned 77 Ignored Ticking 12 Paused 4 IgnoredTicking 7 MonitoredTicking 28 AllyLive 4
3542.200 AI [Info]: OnAgentCreated /Npc/CorpusEliteShieldDroneAgent37 Live 16 Spawned 78 MonitoredTicking 29
3560.200 AI [Info]: OnAgentCreated /Npc/Lancer38 Live 16 Spawned 78 Ignored Ticking 12 Paused 4 IgnoredTicking 7 MonitoredTicking 35 AllyLive 4
3578.200 AI [Info]: OnAgentCreated /Npc/Lancer39 Live 16 Spawned 79 Ignored Ticking 12 Paused 4 IgnoredTicking 7 MonitoredTicking 42 AllyLive 4
3678.200 Script [Info]: SurvivalMission.lua: Survival: Gave reward tier 3 at 900.0
3696.200 AI [Info]: OnAgentCreated /Npc/Lancer40 Live 16 Spawned 80 Ignored Ticking 12 Paused 4 IgnoredTicking 7 MonitoredTicking 32 AllyLive 4
3714.200 AI [Info]: OnAgentCreated /Npc/Lancer41 Live 16 Spawned 81 Ignored Ticking 12 Paused 4 IgnoredTicking 7 MonitoredTicking 39 AllyLive 4
3716.200 AI [Info]: OnAgentCreated /Npc/CorpusEliteShieldDroneAgent41 Live 16 Spawned 82 MonitoredTicking 23
3734.200 AI [Info]: OnAgentCreated /Npc/Lancer42 Live 16 Spawned 82 Ignored Ticking 12 Paused 4 IgnoredTicking 7 MonitoredTicking 21 AllyLive 4
3752.200 AI [Info]: OnAgentCreated /Npc/Lancer43 Live 16 Spawned 83 Ignored Ticking 12 Paused 4 IgnoredTicking 7 MonitoredTicking 28 AllyLive 4
3770.200 AI [Info]: OnAgentCreated /Npc/Lancer44 Live 16 Spawned 84 Ignored Ticking 12 Paused 4 IgnoredTicking 7 MonitoredTicking 35 AllyLive 4
3772.200 AI [Info]: OnAgentCreated /Npc/CorpusEliteShieldDroneAgent44 Live 16 Spawned 85 MonitoredTicking 26
3790.200 AI [Info]: OnAgentCreated /Npc/Lancer45 Live 16 Spawned 85 Ignored Ticking 12 Paused 4 IgnoredTicking 7 MonitoredTicking 42 AllyLive 4
3808.200 AI [Info]: OnAgentCreated /Npc/Lancer46 Live 16 Spawned 86 Ignored Ticking 12 Paused 4 IgnoredTicking 7 MonitoredTicking 24 AllyLive 4
3826.200 AI [Info]: OnAgentCreated /Npc/Lancer47 Live 16 Spawned 87 Ignored Ticking 12 Paused 4 IgnoredTicking 7 MonitoredTicking 31 AllyLive 4
3828.200 AI [Info]: OnAgentCreated /Npc/CorpusEliteShieldDroneAgent47 Live 16 Spawned 88 MonitoredTicking 29
3846.200 AI [Info]: OnAgentCreated /Npc/Lancer48 Live 16 Spawned 88 Ignored Ticking 12 Paused 4 IgnoredTicking 7 MonitoredTicking 38 AllyLive 4
3864.200 AI [Info]: OnAgentCreated /Npc/Lancer49 Live 16 Spawned 89 Ignored Ticking 12 Paused 4 IgnoredTicking 7 MonitoredTicking 20 AllyLive 4
3964.200 Script [Info]: SurvivalMission.lua: Survival: Gave reward tier 4 at 1200.0
3994.200 Script [Info]: EndOfMatch.lua: Initialize
3999.200 Script [Info]: ExtractionTimer.lua: EOM: All players extracting
